----------------------------------------------------------------
Sat May 25 22:01:14 ICT 2019:
Booting Derby version The Apache Software Foundation - Apache Derby - 10.12.1.1 - (1704137): instance a816c00e-016a-ef82-9933-000004607b00 
on database directory C:\Users\ASUS\OneDrive\Documents\GitHub\Appu\Appu Project\engSQL with class loader sun.misc.Launcher$AppClassLoader@4e25154f 
Loaded from file:/C:/Users/ASUS/OneDrive/Documents/GitHub/Appu/Appu%20Project/src/Library/derby.jar
java.vendor=Oracle Corporation
java.runtime.version=1.8.0_111-b14
user.dir=C:\Users\ASUS\OneDrive\Documents\GitHub\Appu\Appu Project
os.name=Windows 10
os.arch=amd64
os.version=10.0
derby.system.home=null
Database Class Loader started - derby.database.classpath=''
----------------------------------------------------------------
Sat May 25 22:03:45 ICT 2019:
Booting Derby version The Apache Software Foundation - Apache Derby - 10.12.1.1 - (1704137): instance d89d8024-016a-ef82-9933-000004607b00 
on database directory C:\Users\ASUS\OneDrive\Documents\GitHub\Appu\Appu Project\vietSQL with class loader sun.misc.Launcher$AppClassLoader@4e25154f 
Loaded from file:/C:/Users/ASUS/OneDrive/Documents/GitHub/Appu/Appu%20Project/src/Library/derby.jar
java.vendor=Oracle Corporation
java.runtime.version=1.8.0_111-b14
user.dir=C:\Users\ASUS\OneDrive\Documents\GitHub\Appu\Appu Project
os.name=Windows 10
os.arch=amd64
os.version=10.0
derby.system.home=null
Database Class Loader started - derby.database.classpath=''
